This is pdfTeX, Version 3.141592653-2.6-1.40.25 (TeX Live 2023/Homebrew) (preloaded format=pdflatex 2024.2.20)  22 FEB 2024 12:34
entering extended mode
 restricted \write18 enabled.
 %&-line parsing enabled.
**/Users/nikos/github-synced/paper-uk-crowd-forecasts/manuscript/diff-to-last-v
ersion.tex

(/Users/nikos/github-synced/paper-uk-crowd-forecasts/manuscript/diff-to-last-ve
rsion.tex
LaTeX2e <2022-11-01> patch level 1
L3 programming layer <2023-02-22>
(/opt/homebrew/Cellar/texlive/20230313_2/share/texmf-dist/tex/latex/base/articl
e.cls
Document Class: article 2022/07/02 v1.4n Standard LaTeX document class

(/opt/homebrew/Cellar/texlive/20230313_2/share/texmf-dist/tex/latex/base/size10
.clo
File: size10.clo 2022/07/02 v1.4n Standard LaTeX file (size option)
)
\c@part=\count185
\c@section=\count186
\c@subsection=\count187
\c@subsubsection=\count188
\c@paragraph=\count189
\c@subparagraph=\count190
\c@figure=\count191
\c@table=\count192
\abovecaptionskip=\skip48
\belowcaptionskip=\skip49
\bibindent=\dimen140
) (./WellcomeOR_styles.sty
Package: WellcomeOR_styles 

(/opt/homebrew/Cellar/texlive/20230313_2/share/texmf-dist/tex/latex/preprint/au
thblk.sty
Package: authblk 2001/02/27 1.3 (PWD)
\affilsep=\skip50
\@affilsep=\skip51
\c@Maxaffil=\count193
\c@authors=\count194
\c@affil=\count195
)
(/opt/homebrew/Cellar/texlive/20230313_2/share/texmf-dist/tex/generic/babel/bab
el.sty
Package: babel 2023/02/13 3.86 The Babel package
\babel@savecnt=\count196
\U@D=\dimen141
\l@unhyphenated=\language87

(/opt/homebrew/Cellar/texlive/20230313_2/share/texmf-dist/tex/generic/babel/txt
babel.def)
\bbl@readstream=\read2
\bbl@dirlevel=\count197

(/opt/homebrew/Cellar/texlive/20230313_2/share/texmf-dist/tex/generic/babel-eng
lish/english.ldf
Language: english 2017/06/06 v3.3r English support from the babel system
Package babel Info: Hyphen rules for 'canadian' set to \l@english
(babel)             (\language0). Reported on input line 102.
Package babel Info: Hyphen rules for 'australian' set to \l@ukenglish
(babel)             (\language21). Reported on input line 105.
Package babel Info: Hyphen rules for 'newzealand' set to \l@ukenglish
(babel)             (\language21). Reported on input line 108.
))
(/opt/homebrew/Cellar/texlive/20230313_2/share/texmf-dist/tex/generic/babel/loc
ale/en/babel-english.tex
Package babel Info: Importing font and identification data for english
(babel)             from babel-en.ini. Reported on input line 11.
)
(/opt/homebrew/Cellar/texlive/20230313_2/share/texmf-dist/tex/latex/base/inpute
nc.sty
Package: inputenc 2021/02/14 v1.3d Input encoding file
\inpenc@prehook=\toks16
\inpenc@posthook=\toks17
)
(/opt/homebrew/Cellar/texlive/20230313_2/share/texmf-dist/tex/latex/base/fonten
c.sty
Package: fontenc 2021/04/29 v2.0v Standard LaTeX package
)
(/opt/homebrew/Cellar/texlive/20230313_2/share/texmf-dist/tex/latex/mathdesign/
mathdesign.sty
Package: mathdesign 2013/08/29 v2.31 Math Design Project

(/opt/homebrew/Cellar/texlive/20230313_2/share/texmf-dist/tex/latex/graphics/ke
yval.sty
Package: keyval 2022/05/29 v1.15 key=value parser (DPC)
\KV@toks@=\toks18
)
(/opt/homebrew/Cellar/texlive/20230313_2/share/texmf-dist/tex/latex/base/ifthen
.sty
Package: ifthen 2022/04/13 v1.1d Standard LaTeX ifthen package (DPC)
)
(/opt/homebrew/Cellar/texlive/20230313_2/share/texmf-dist/tex/latex/mathdesign/
mdbch/mdbch.cfg)
(/opt/homebrew/Cellar/texlive/20230313_2/share/texmf-dist/tex/latex/mathdesign/
mdbch/mdbch.sty
Package: mdbch 2013/08/29 v2.31 bitstream bitstream charter + mdbch (Math Desig
n Project)

(/opt/homebrew/Cellar/texlive/20230313_2/share/texmf-dist/tex/latex/mathdesign/
mdfont.def
File: mdfont.def 2013/08/29 v2.31 (Math Design Project)
)
(/opt/homebrew/Cellar/texlive/20230313_2/share/texmf-dist/tex/latex/mathdesign/
mdsffont.def
File: mdsffont.def 2013/08/29 v2.31 (Math Design Project)

LaTeX Info: Font shape OT1/phv/mc/n has incorrect series value `mc'.
            It should not contain an `m'! Please correct it.
            Found on input line 53.


LaTeX Info: Font shape OT1/phv/mc/sc has incorrect series value `mc'.
            It should not contain an `m'! Please correct it.
            Found on input line 56.


LaTeX Info: Font shape OT1/phv/mc/sl has incorrect series value `mc'.
            It should not contain an `m'! Please correct it.
            Found on input line 59.


LaTeX Info: Font shape OT1/phv/mc/it has incorrect series value `mc'.
            It should not contain an `m'! Please correct it.
            Found on input line 79.


LaTeX Info: Font shape T1/phv/mc/n has incorrect series value `mc'.
            It should not contain an `m'! Please correct it.
            Found on input line 102.


LaTeX Info: Font shape T1/phv/mc/sc has incorrect series value `mc'.
            It should not contain an `m'! Please correct it.
            Found on input line 105.


LaTeX Info: Font shape T1/phv/mc/sl has incorrect series value `mc'.
            It should not contain an `m'! Please correct it.
            Found on input line 108.


LaTeX Info: Font shape T1/phv/mc/it has incorrect series value `mc'.
            It should not contain an `m'! Please correct it.
            Found on input line 128.


LaTeX Info: Font shape OT1/uhv/mc/n has incorrect series value `mc'.
            It should not contain an `m'! Please correct it.
            Found on input line 259.


LaTeX Info: Font shape OT1/uhv/mc/sc has incorrect series value `mc'.
            It should not contain an `m'! Please correct it.
            Found on input line 262.


LaTeX Info: Font shape OT1/uhv/mc/sl has incorrect series value `mc'.
            It should not contain an `m'! Please correct it.
            Found on input line 265.


LaTeX Info: Font shape OT1/uhv/mc/it has incorrect series value `mc'.
            It should not contain an `m'! Please correct it.
            Found on input line 268.


LaTeX Info: Font shape T1/uhv/mc/n has incorrect series value `mc'.
            It should not contain an `m'! Please correct it.
            Found on input line 313.


LaTeX Info: Font shape T1/uhv/mc/sc has incorrect series value `mc'.
            It should not contain an `m'! Please correct it.
            Found on input line 316.


LaTeX Info: Font shape T1/uhv/mc/sl has incorrect series value `mc'.
            It should not contain an `m'! Please correct it.
            Found on input line 319.


LaTeX Info: Font shape T1/uhv/mc/it has incorrect series value `mc'.
            It should not contain an `m'! Please correct it.
            Found on input line 322.

)
(/opt/homebrew/Cellar/texlive/20230313_2/share/texmf-dist/tex/latex/mathdesign/
mdttfont.def
File: mdttfont.def 2013/08/29 v2.31 (Math Design Project)
)
\symmdcal=\mathgroup4
LaTeX Font Info:    Overwriting symbol font `mdcal' in version `bold'
(Font)                  OMS/mdbch/m/n --> OMS/mdbch/b/n on input line 97.
\symmdscr=\mathgroup5
LaTeX Font Info:    Overwriting symbol font `mdscr' in version `bold'
(Font)                  OMS/mdbch/m/n --> OMS/mdbch/b/n on input line 103.
LaTeX Font Info:    Overwriting math alphabet `\mathfrak' in version `bold'
(Font)                  U/xmdeuf/m/n --> U/xmdeuf/b/n on input line 110.
LaTeX Font Info:    Overwriting symbol font `operators' in version `normal'
(Font)                  OT1/cmr/m/n --> OT1/mdbch/m/n on input line 121.
LaTeX Font Info:    Overwriting symbol font `letters' in version `normal'
(Font)                  OML/cmm/m/it --> OML/mdbch/m/it on input line 122.
LaTeX Font Info:    Overwriting symbol font `symbols' in version `normal'
(Font)                  OMS/cmsy/m/n --> OMS/mdbch/m/n on input line 123.
LaTeX Font Info:    Overwriting symbol font `largesymbols' in version `normal'
(Font)                  OMX/cmex/m/n --> OMX/mdbch/m/n on input line 124.
LaTeX Font Info:    Overwriting symbol font `operators' in version `bold'
(Font)                  OT1/cmr/bx/n --> OT1/mdbch/b/n on input line 126.
LaTeX Font Info:    Overwriting symbol font `letters' in version `bold'
(Font)                  OML/cmm/b/it --> OML/mdbch/b/it on input line 127.
LaTeX Font Info:    Overwriting symbol font `symbols' in version `bold'
(Font)                  OMS/cmsy/b/n --> OMS/mdbch/b/n on input line 128.
LaTeX Font Info:    Overwriting symbol font `largesymbols' in version `bold'
(Font)                  OMX/cmex/m/n --> OMX/mdbch/b/n on input line 129.
LaTeX Font Info:    Overwriting math alphabet `\mathrm' in version `normal'
(Font)                  OT1/mdbch/m/n --> T1/mdbch/m/n on input line 131.
LaTeX Font Info:    Overwriting math alphabet `\mathbf' in version `normal'
(Font)                  OT1/cmr/bx/n --> T1/mdbch/b/n on input line 132.
LaTeX Font Info:    Overwriting math alphabet `\mathit' in version `normal'
(Font)                  OT1/cmr/m/it --> T1/mdbch/m/it on input line 133.
LaTeX Font Info:    Overwriting math alphabet `\mathsf' in version `normal'
(Font)                  OT1/cmss/m/n --> T1/cmss/m/n on input line 134.
LaTeX Font Info:    Overwriting math alphabet `\mathtt' in version `normal'
(Font)                  OT1/cmtt/m/n --> T1/cmtt/m/n on input line 135.
LaTeX Font Info:    Overwriting math alphabet `\mathrm' in version `bold'
(Font)                  OT1/mdbch/b/n --> T1/mdbch/b/n on input line 137.
LaTeX Font Info:    Overwriting math alphabet `\mathbf' in version `bold'
(Font)                  OT1/cmr/bx/n --> T1/mdbch/b/n on input line 138.
LaTeX Font Info:    Overwriting math alphabet `\mathit' in version `bold'
(Font)                  OT1/cmr/bx/it --> T1/mdbch/b/it on input line 139.
LaTeX Font Info:    Overwriting math alphabet `\mathsf' in version `bold'
(Font)                  OT1/cmss/bx/n --> T1/cmss/b/n on input line 140.
LaTeX Font Info:    Overwriting math alphabet `\mathtt' in version `bold'
(Font)                  OT1/cmtt/m/n --> T1/cmtt/b/n on input line 141.
\symlettersupright=\mathgroup6
LaTeX Font Info:    Overwriting symbol font `lettersupright' in version `bold'
(Font)                  OML/mdbch/m/n --> OML/mdbch/b/n on input line 144.
LaTeX Font Info:    Redeclaring math alphabet \mathrm on input line 145.
LaTeX Font Info:    Overwriting math alphabet `\mathcal' in version `normal'
(Font)                  OMS/mdbch/m/n --> OMS/mdbch/m/n on input line 167.

(/opt/homebrew/Cellar/texlive/20230313_2/share/texmf-dist/tex/latex/xkeyval/xke
yval.sty
Package: xkeyval 2022/06/16 v2.9 package option processing (HA)

(/opt/homebrew/Cellar/texlive/20230313_2/share/texmf-dist/tex/generic/xkeyval/x
keyval.tex
(/opt/homebrew/Cellar/texlive/20230313_2/share/texmf-dist/tex/generic/xkeyval/x
kvutils.tex
\XKV@toks=\toks19
\XKV@tempa@toks=\toks20
)
\XKV@depth=\count198
File: xkeyval.tex 2014/12/03 v2.7a key=value parser (HA)
))
LaTeX Font Info:    Trying to load font information for T1+mdbch on input line 
186.

(/opt/homebrew/Cellar/texlive/20230313_2/share/texmf-dist/tex/latex/mathdesign/
mdbch/t1mdbch.fd
File: t1mdbch.fd 2013/08/29 Fontinst v1.933 font definitions for T1/mdbch.
)
LaTeX Font Info:    Font shape `T1/mdbch/m/n' will be
(Font)              scaled to size 9.60007pt on input line 186.
LaTeX Font Info:    Redeclaring math accent \widetilde on input line 449.
LaTeX Font Info:    Redeclaring math accent \widehat on input line 450.
Now handling font encoding MDA ...
... no UTF-8 mapping file for font encoding MDA
\symmathdesignA=\mathgroup7
LaTeX Font Info:    Overwriting symbol font `mathdesignA' in version `bold'
(Font)                  MDA/mdbch/m/n --> MDA/mdbch/b/n on input line 491.
Now handling font encoding MDB ...
... no UTF-8 mapping file for font encoding MDB
\symmathdesignB=\mathgroup8
LaTeX Font Info:    Overwriting symbol font `mathdesignB' in version `bold'
(Font)                  MDB/mdbch/m/n --> MDB/mdbch/b/n on input line 498.
\@emptytoks=\toks21
LaTeX Font Info:    Redeclaring math accent \widetilde on input line 532.
LaTeX Font Info:    Redeclaring math accent \widehat on input line 533.
\rulethickness=\skip52
)
(/opt/homebrew/Cellar/texlive/20230313_2/share/texmf-dist/tex/latex/base/fonten
c.sty
Package: fontenc 2021/04/29 v2.0v Standard LaTeX package
))
(/opt/homebrew/Cellar/texlive/20230313_2/share/texmf-dist/tex/latex/colortbl/co
lortbl.sty
Package: colortbl 2022/06/20 v1.0f Color table columns (DPC)

(/opt/homebrew/Cellar/texlive/20230313_2/share/texmf-dist/tex/latex/tools/array
.sty
Package: array 2022/09/04 v2.5g Tabular extension package (FMi)
\col@sep=\dimen142
\ar@mcellbox=\box51
\extrarowheight=\dimen143
\NC@list=\toks22
\extratabsurround=\skip53
\backup@length=\skip54
\ar@cellbox=\box52
)
(/opt/homebrew/Cellar/texlive/20230313_2/share/texmf-dist/tex/latex/graphics/co
lor.sty
Package: color 2022/01/06 v1.3d Standard LaTeX Color (DPC)

(/opt/homebrew/Cellar/texlive/20230313_2/share/texmf-dist/tex/latex/graphics-cf
g/color.cfg
File: color.cfg 2016/01/02 v1.6 sample color configuration
)
Package color Info: Driver file: pdftex.def on input line 149.

(/opt/homebrew/Cellar/texlive/20230313_2/share/texmf-dist/tex/latex/graphics-de
f/pdftex.def
File: pdftex.def 2022/09/22 v1.2b Graphics/color driver for pdftex
)
(/opt/homebrew/Cellar/texlive/20230313_2/share/texmf-dist/tex/latex/graphics/ma
thcolor.ltx))
\everycr=\toks23
\minrowclearance=\skip55
\rownum=\count199
)
(/opt/homebrew/Cellar/texlive/20230313_2/share/texmf-dist/tex/latex/xcolor/xcol
or.sty
Package: xcolor 2022/06/12 v2.14 LaTeX color extensions (UK)

(/opt/homebrew/Cellar/texlive/20230313_2/share/texmf-dist/tex/latex/graphics-cf
g/color.cfg
File: color.cfg 2016/01/02 v1.6 sample color configuration
)
Package xcolor Info: Package option `usenames' ignored on input line 218.
Package xcolor Info: Driver file: pdftex.def on input line 227.
LaTeX Info: Redefining \color on input line 711.

(/opt/homebrew/Cellar/texlive/20230313_2/share/texmf-dist/tex/latex/graphics/ma
thcolor.ltx)
Package xcolor Info: Model `cmy' substituted by `cmy0' on input line 1353.
Package xcolor Info: Model `hsb' substituted by `rgb' on input line 1357.
Package xcolor Info: Model `RGB' extended on input line 1369.
Package xcolor Info: Model `HTML' substituted by `rgb' on input line 1371.
Package xcolor Info: Model `Hsb' substituted by `hsb' on input line 1372.
Package xcolor Info: Model `tHsb' substituted by `hsb' on input line 1373.
Package xcolor Info: Model `HSB' substituted by `hsb' on input line 1374.
Package xcolor Info: Model `Gray' substituted by `gray' on input line 1375.
Package xcolor Info: Model `wave' substituted by `hsb' on input line 1376.

(/opt/homebrew/Cellar/texlive/20230313_2/share/texmf-dist/tex/latex/graphics/dv
ipsnam.def
File: dvipsnam.def 2016/06/17 v3.0m Driver-dependent file (DPC,SPQR)
))
(/opt/homebrew/Cellar/texlive/20230313_2/share/texmf-dist/tex/latex/amsmath/ams
math.sty
Package: amsmath 2022/04/08 v2.17n AMS math features
\@mathmargin=\skip56
For additional information on amsmath, use the `?' option.

(/opt/homebrew/Cellar/texlive/20230313_2/share/texmf-dist/tex/latex/amsmath/ams
text.sty
Package: amstext 2021/08/26 v2.01 AMS text

(/opt/homebrew/Cellar/texlive/20230313_2/share/texmf-dist/tex/latex/amsmath/ams
gen.sty
File: amsgen.sty 1999/11/30 v2.0 generic functions
\@emptytoks=\toks24
\ex@=\dimen144
))
(/opt/homebrew/Cellar/texlive/20230313_2/share/texmf-dist/tex/latex/amsmath/ams
bsy.sty
Package: amsbsy 1999/11/29 v1.2d Bold Symbols
\pmbraise@=\dimen145
)
(/opt/homebrew/Cellar/texlive/20230313_2/share/texmf-dist/tex/latex/amsmath/ams
opn.sty
Package: amsopn 2022/04/08 v2.04 operator names
)
\inf@bad=\count266
LaTeX Info: Redefining \frac on input line 234.
\uproot@=\count267
\leftroot@=\count268
LaTeX Info: Redefining \overline on input line 399.
LaTeX Info: Redefining \colon on input line 410.
\classnum@=\count269
\DOTSCASE@=\count270
LaTeX Info: Redefining \ldots on input line 496.
LaTeX Info: Redefining \dots on input line 499.
LaTeX Info: Redefining \cdots on input line 620.
\Mathstrutbox@=\box53
\strutbox@=\box54
LaTeX Info: Redefining \big on input line 722.
LaTeX Info: Redefining \Big on input line 723.
LaTeX Info: Redefining \bigg on input line 724.
LaTeX Info: Redefining \Bigg on input line 725.
\big@size=\dimen146
LaTeX Font Info:    Redeclaring font encoding OML on input line 743.
LaTeX Font Info:    Redeclaring font encoding OMS on input line 744.
\macc@depth=\count271
LaTeX Info: Redefining \bmod on input line 905.
LaTeX Info: Redefining \pmod on input line 910.
LaTeX Info: Redefining \smash on input line 940.
LaTeX Info: Redefining \relbar on input line 970.
LaTeX Info: Redefining \Relbar on input line 971.
\c@MaxMatrixCols=\count272
\dotsspace@=\muskip16
\c@parentequation=\count273
\dspbrk@lvl=\count274
\tag@help=\toks25
\row@=\count275
\column@=\count276
\maxfields@=\count277
\andhelp@=\toks26
\eqnshift@=\dimen147
\alignsep@=\dimen148
\tagshift@=\dimen149
\tagwidth@=\dimen150
\totwidth@=\dimen151
\lineht@=\dimen152
\@envbody=\toks27
\multlinegap=\skip57
\multlinetaggap=\skip58
\mathdisplay@stack=\toks28
LaTeX Info: Redefining \[ on input line 2953.
LaTeX Info: Redefining \] on input line 2954.
)
(/opt/homebrew/Cellar/texlive/20230313_2/share/texmf-dist/tex/latex/graphics/gr
aphicx.sty
Package: graphicx 2021/09/16 v1.2d Enhanced LaTeX Graphics (DPC,SPQR)

(/opt/homebrew/Cellar/texlive/20230313_2/share/texmf-dist/tex/latex/graphics/gr
aphics.sty
Package: graphics 2022/03/10 v1.4e Standard LaTeX Graphics (DPC,SPQR)

(/opt/homebrew/Cellar/texlive/20230313_2/share/texmf-dist/tex/latex/graphics/tr
ig.sty
Package: trig 2021/08/11 v1.11 sin cos tan (DPC)
)
(/opt/homebrew/Cellar/texlive/20230313_2/share/texmf-dist/tex/latex/graphics-cf
g/graphics.cfg
File: graphics.cfg 2016/06/04 v1.11 sample graphics configuration
)
Package graphics Info: Driver file: pdftex.def on input line 107.
)
\Gin@req@height=\dimen153
\Gin@req@width=\dimen154
)
(/opt/homebrew/Cellar/texlive/20230313_2/share/texmf-dist/tex/latex/fancyhdr/fa
ncyhdr.sty
Package: fancyhdr 2022/11/09 v4.1 Extensive control of page headers and footers

\f@nch@headwidth=\skip59
\f@nch@O@elh=\skip60
\f@nch@O@erh=\skip61
\f@nch@O@olh=\skip62
\f@nch@O@orh=\skip63
\f@nch@O@elf=\skip64
\f@nch@O@erf=\skip65
\f@nch@O@olf=\skip66
\f@nch@O@orf=\skip67
)
(/opt/homebrew/Cellar/texlive/20230313_2/share/texmf-dist/tex/latex/setspace/se
tspace.sty
Package: setspace 2022/12/04 v6.7b set line spacing
)
(/opt/homebrew/Cellar/texlive/20230313_2/share/texmf-dist/tex/latex/caption/cap
tion.sty
Package: caption 2023/03/12 v3.6j Customizing captions (AR)

(/opt/homebrew/Cellar/texlive/20230313_2/share/texmf-dist/tex/latex/caption/cap
tion3.sty
Package: caption3 2023/03/12 v2.4 caption3 kernel (AR)
\caption@tempdima=\dimen155
\captionmargin=\dimen156
\caption@leftmargin=\dimen157
\caption@rightmargin=\dimen158
\caption@width=\dimen159
\caption@indent=\dimen160
\caption@parindent=\dimen161
\caption@hangindent=\dimen162
Package caption Info: Standard document class detected.
)
\c@caption@flags=\count278
\c@continuedfloat=\count279
)
(/opt/homebrew/Cellar/texlive/20230313_2/share/texmf-dist/tex/latex/lastpage/la
stpage.sty
Package: lastpage 2023/03/07 v2.0a lastpage: 2.09 or 2e? (HMM)

(/opt/homebrew/Cellar/texlive/20230313_2/share/texmf-dist/tex/latex/lastpage/la
stpage2e.sty
Package: lastpage2e 2023/03/07 v2.0a Decide which 2e lastpage version to use (H
MM)

(/opt/homebrew/Cellar/texlive/20230313_2/share/texmf-dist/tex/latex/lastpage/la
stpagemodern.sty
Package: lastpagemodern 2023-03-07 v2.0a Refers to last page's name (HMM; JPG)
) 
))
(/opt/homebrew/Cellar/texlive/20230313_2/share/texmf-dist/tex/latex/xifthen/xif
then.sty
Package: xifthen 2015/11/05 v1.4.0 Extended ifthen features

(/opt/homebrew/Cellar/texlive/20230313_2/share/texmf-dist/tex/latex/tools/calc.
sty
Package: calc 2017/05/25 v4.3 Infix arithmetic (KKT,FJ)
\calc@Acount=\count280
\calc@Bcount=\count281
\calc@Adimen=\dimen163
\calc@Bdimen=\dimen164
\calc@Askip=\skip68
\calc@Bskip=\skip69
LaTeX Info: Redefining \setlength on input line 80.
LaTeX Info: Redefining \addtolength on input line 81.
\calc@Ccount=\count282
\calc@Cskip=\skip70
)
(/opt/homebrew/Cellar/texlive/20230313_2/share/texmf-dist/tex/latex/ifmtarg/ifm
targ.sty
Package: ifmtarg 2018/04/16 v1.2b check for an empty argument
))
(/opt/homebrew/Cellar/texlive/20230313_2/share/texmf-dist/tex/latex/geometry/ge
ometry.sty
Package: geometry 2020/01/02 v5.9 Page Geometry

(/opt/homebrew/Cellar/texlive/20230313_2/share/texmf-dist/tex/generic/iftex/ifv
tex.sty
Package: ifvtex 2019/10/25 v1.7 ifvtex legacy package. Use iftex instead.

(/opt/homebrew/Cellar/texlive/20230313_2/share/texmf-dist/tex/generic/iftex/ift
ex.sty
Package: iftex 2022/02/03 v1.0f TeX engine tests
))
\Gm@cnth=\count283
\Gm@cntv=\count284
\c@Gm@tempcnt=\count285
\Gm@bindingoffset=\dimen165
\Gm@wd@mp=\dimen166
\Gm@odd@mp=\dimen167
\Gm@even@mp=\dimen168
\Gm@layoutwidth=\dimen169
\Gm@layoutheight=\dimen170
\Gm@layouthoffset=\dimen171
\Gm@layoutvoffset=\dimen172
\Gm@dimlist=\toks29
)
(/opt/homebrew/Cellar/texlive/20230313_2/share/texmf-dist/tex/latex/titlesec/ti
tlesec.sty
Package: titlesec 2021/07/05 v2.14 Sectioning titles
\ttl@box=\box55
\beforetitleunit=\skip71
\aftertitleunit=\skip72
\ttl@plus=\dimen173
\ttl@minus=\dimen174
\ttl@toksa=\toks30
\titlewidth=\dimen175
\titlewidthlast=\dimen176
\titlewidthfirst=\dimen177
))
(/opt/homebrew/Cellar/texlive/20230313_2/share/texmf-dist/tex/latex/float/float
.sty
Package: float 2001/11/08 v1.3d Float enhancements (AL)
\c@float@type=\count286
\float@exts=\toks31
\float@box=\box56
\@float@everytoks=\toks32
\@floatcapt=\box57
)
(/opt/homebrew/Cellar/texlive/20230313_2/share/texmf-dist/tex/latex/hyperref/hy
perref.sty
Package: hyperref 2023-02-07 v7.00v Hypertext links for LaTeX

(/opt/homebrew/Cellar/texlive/20230313_2/share/texmf-dist/tex/generic/ltxcmds/l
txcmds.sty
Package: ltxcmds 2020-05-10 v1.25 LaTeX kernel commands for general use (HO)
)
(/opt/homebrew/Cellar/texlive/20230313_2/share/texmf-dist/tex/generic/pdftexcmd
s/pdftexcmds.sty
Package: pdftexcmds 2020-06-27 v0.33 Utility functions of pdfTeX for LuaTeX (HO
)

(/opt/homebrew/Cellar/texlive/20230313_2/share/texmf-dist/tex/generic/infwarerr
/infwarerr.sty
Package: infwarerr 2019/12/03 v1.5 Providing info/warning/error messages (HO)
)
Package pdftexcmds Info: \pdf@primitive is available.
Package pdftexcmds Info: \pdf@ifprimitive is available.
Package pdftexcmds Info: \pdfdraftmode found.
)
(/opt/homebrew/Cellar/texlive/20230313_2/share/texmf-dist/tex/latex/kvsetkeys/k
vsetkeys.sty
Package: kvsetkeys 2022-10-05 v1.19 Key value parser (HO)
)
(/opt/homebrew/Cellar/texlive/20230313_2/share/texmf-dist/tex/generic/kvdefinek
eys/kvdefinekeys.sty
Package: kvdefinekeys 2019-12-19 v1.6 Define keys (HO)
)
(/opt/homebrew/Cellar/texlive/20230313_2/share/texmf-dist/tex/generic/pdfescape
/pdfescape.sty
Package: pdfescape 2019/12/09 v1.15 Implements pdfTeX's escape features (HO)
)
(/opt/homebrew/Cellar/texlive/20230313_2/share/texmf-dist/tex/latex/hycolor/hyc
olor.sty
Package: hycolor 2020-01-27 v1.10 Color options for hyperref/bookmark (HO)
)
(/opt/homebrew/Cellar/texlive/20230313_2/share/texmf-dist/tex/latex/letltxmacro
/letltxmacro.sty
Package: letltxmacro 2019/12/03 v1.6 Let assignment for LaTeX macros (HO)
)
(/opt/homebrew/Cellar/texlive/20230313_2/share/texmf-dist/tex/latex/auxhook/aux
hook.sty
Package: auxhook 2019-12-17 v1.6 Hooks for auxiliary files (HO)
)
(/opt/homebrew/Cellar/texlive/20230313_2/share/texmf-dist/tex/latex/hyperref/na
meref.sty
Package: nameref 2022-05-17 v2.50 Cross-referencing by name of section

(/opt/homebrew/Cellar/texlive/20230313_2/share/texmf-dist/tex/latex/refcount/re
fcount.sty
Package: refcount 2019/12/15 v3.6 Data extraction from label references (HO)
)
(/opt/homebrew/Cellar/texlive/20230313_2/share/texmf-dist/tex/generic/gettitles
tring/gettitlestring.sty
Package: gettitlestring 2019/12/15 v1.6 Cleanup title references (HO)

(/opt/homebrew/Cellar/texlive/20230313_2/share/texmf-dist/tex/latex/kvoptions/k
voptions.sty
Package: kvoptions 2022-06-15 v3.15 Key value format for package options (HO)
))
\c@section@level=\count287
)
\@linkdim=\dimen178
\Hy@linkcounter=\count288
\Hy@pagecounter=\count289

(/opt/homebrew/Cellar/texlive/20230313_2/share/texmf-dist/tex/latex/hyperref/pd
1enc.def
File: pd1enc.def 2023-02-07 v7.00v Hyperref: PDFDocEncoding definition (HO)
Now handling font encoding PD1 ...
... no UTF-8 mapping file for font encoding PD1
)
(/opt/homebrew/Cellar/texlive/20230313_2/share/texmf-dist/tex/generic/intcalc/i
ntcalc.sty
Package: intcalc 2019/12/15 v1.3 Expandable calculations with integers (HO)
)
(/opt/homebrew/Cellar/texlive/20230313_2/share/texmf-dist/tex/generic/etexcmds/
etexcmds.sty
Package: etexcmds 2019/12/15 v1.7 Avoid name clashes with e-TeX commands (HO)
)
\Hy@SavedSpaceFactor=\count290

(/opt/homebrew/Cellar/texlive/20230313_2/share/texmf-dist/tex/latex/hyperref/pu
enc.def
File: puenc.def 2023-02-07 v7.00v Hyperref: PDF Unicode definition (HO)
Now handling font encoding PU ...
... no UTF-8 mapping file for font encoding PU
)
Package hyperref Info: Hyper figures OFF on input line 4177.
Package hyperref Info: Link nesting OFF on input line 4182.
Package hyperref Info: Hyper index ON on input line 4185.
Package hyperref Info: Plain pages OFF on input line 4192.
Package hyperref Info: Backreferencing OFF on input line 4197.
Package hyperref Info: Implicit mode ON; LaTeX internals redefined.
Package hyperref Info: Bookmarks ON on input line 4425.
\c@Hy@tempcnt=\count291

(/opt/homebrew/Cellar/texlive/20230313_2/share/texmf-dist/tex/latex/url/url.sty
\Urlmuskip=\muskip17
Package: url 2013/09/16  ver 3.4  Verb mode for urls, etc.
)
LaTeX Info: Redefining \url on input line 4763.
\XeTeXLinkMargin=\dimen179

(/opt/homebrew/Cellar/texlive/20230313_2/share/texmf-dist/tex/generic/bitset/bi
tset.sty
Package: bitset 2019/12/09 v1.3 Handle bit-vector datatype (HO)

(/opt/homebrew/Cellar/texlive/20230313_2/share/texmf-dist/tex/generic/bigintcal
c/bigintcalc.sty
Package: bigintcalc 2019/12/15 v1.5 Expandable calculations on big integers (HO
)
))
\Fld@menulength=\count292
\Field@Width=\dimen180
\Fld@charsize=\dimen181
Package hyperref Info: Hyper figures OFF on input line 6042.
Package hyperref Info: Link nesting OFF on input line 6047.
Package hyperref Info: Hyper index ON on input line 6050.
Package hyperref Info: backreferencing OFF on input line 6057.
Package hyperref Info: Link coloring OFF on input line 6062.
Package hyperref Info: Link coloring with OCG OFF on input line 6067.
Package hyperref Info: PDF/A mode OFF on input line 6072.

(/opt/homebrew/Cellar/texlive/20230313_2/share/texmf-dist/tex/latex/base/atbegs
hi-ltx.sty
Package: atbegshi-ltx 2021/01/10 v1.0c Emulation of the original atbegshi
package with kernel methods
)
\Hy@abspage=\count293
\c@Item=\count294
\c@Hfootnote=\count295
)
Package hyperref Info: Driver (autodetected): hpdftex.

(/opt/homebrew/Cellar/texlive/20230313_2/share/texmf-dist/tex/latex/hyperref/hp
dftex.def
File: hpdftex.def 2023-02-07 v7.00v Hyperref driver for pdfTeX

(/opt/homebrew/Cellar/texlive/20230313_2/share/texmf-dist/tex/latex/base/atvery
end-ltx.sty
Package: atveryend-ltx 2020/08/19 v1.0a Emulation of the original atveryend pac
kage
with kernel methods
)
\Fld@listcount=\count296
\c@bookmark@seq@number=\count297

(/opt/homebrew/Cellar/texlive/20230313_2/share/texmf-dist/tex/latex/rerunfilech
eck/rerunfilecheck.sty
Package: rerunfilecheck 2022-07-10 v1.10 Rerun checks for auxiliary files (HO)

(/opt/homebrew/Cellar/texlive/20230313_2/share/texmf-dist/tex/generic/uniquecou
nter/uniquecounter.sty
Package: uniquecounter 2019/12/15 v1.4 Provide unlimited unique counter (HO)
)
Package uniquecounter Info: New unique counter `rerunfilecheck' on input line 2
85.
)
\Hy@SectionHShift=\skip73
)
(/opt/homebrew/Cellar/texlive/20230313_2/share/texmf-dist/tex/latex/booktabs/bo
oktabs.sty
Package: booktabs 2020/01/12 v1.61803398 Publication quality tables
\heavyrulewidth=\dimen182
\lightrulewidth=\dimen183
\cmidrulewidth=\dimen184
\belowrulesep=\dimen185
\belowbottomsep=\dimen186
\aboverulesep=\dimen187
\abovetopsep=\dimen188
\cmidrulesep=\dimen189
\cmidrulekern=\dimen190
\defaultaddspace=\dimen191
\@cmidla=\count298
\@cmidlb=\count299
\@aboverulesep=\dimen192
\@belowrulesep=\dimen193
\@thisruleclass=\count300
\@lastruleclass=\count301
\@thisrulewidth=\dimen194
)
(/opt/homebrew/Cellar/texlive/20230313_2/share/texmf-dist/tex/latex/tools/longt
able.sty
Package: longtable 2021-09-01 v4.17 Multi-page Table package (DPC)
\LTleft=\skip74
\LTright=\skip75
\LTpre=\skip76
\LTpost=\skip77
\LTchunksize=\count302
\LTcapwidth=\dimen195
\LT@head=\box58
\LT@firsthead=\box59
\LT@foot=\box60
\LT@lastfoot=\box61
\LT@gbox=\box62
\LT@cols=\count303
\LT@rows=\count304
\c@LT@tables=\count305
\c@LT@chunks=\count306
\LT@p@ftn=\toks33
)
(/opt/homebrew/Cellar/texlive/20230313_2/share/texmf-dist/tex/latex/natbib/natb
ib.sty
Package: natbib 2010/09/13 8.31b (PWD, AO)
\bibhang=\skip78
\bibsep=\skip79
LaTeX Info: Redefining \cite on input line 694.
\c@NAT@ctr=\count307
)
(/opt/homebrew/Cellar/texlive/20230313_2/share/texmf-dist/tex/generic/ulem/ulem
.sty
\UL@box=\box63
\UL@hyphenbox=\box64
\UL@skip=\skip80
\UL@hook=\toks34
\UL@height=\dimen196
\UL@pe=\count308
\UL@pixel=\dimen197
\ULC@box=\box65
Package: ulem 2019/11/18
\ULdepth=\dimen198
)
(/opt/homebrew/Cellar/texlive/20230313_2/share/texmf-dist/tex/latex/listings/li
stings.sty
\lst@mode=\count309
\lst@gtempboxa=\box66
\lst@token=\toks35
\lst@length=\count310
\lst@currlwidth=\dimen199
\lst@column=\count311
\lst@pos=\count312
\lst@lostspace=\dimen256
\lst@width=\dimen257
\lst@newlines=\count313
\lst@lineno=\count314
\lst@maxwidth=\dimen258

(/opt/homebrew/Cellar/texlive/20230313_2/share/texmf-dist/tex/latex/listings/ls
tmisc.sty
File: lstmisc.sty 2023/02/27 1.9 (Carsten Heinz)
\c@lstnumber=\count315
\lst@skipnumbers=\count316
\lst@framebox=\box67
)
(/opt/homebrew/Cellar/texlive/20230313_2/share/texmf-dist/tex/latex/listings/li
stings.cfg
File: listings.cfg 2023/02/27 1.9 listings configuration
))
Package: listings 2023/02/27 1.9 (Carsten Heinz)

(/opt/homebrew/Cellar/texlive/20230313_2/share/texmf-dist/tex/latex/l3backend/l
3backend-pdftex.def
File: l3backend-pdftex.def 2023-01-16 L3 backend support: PDF output (pdfTeX)
\l__color_backend_stack_int=\count317
\l__pdf_internal_box=\box68
) (./diff-to-last-version.aux)
\openout1 = `diff-to-last-version.aux'.

LaTeX Font Info:    Checking defaults for OML/cmm/m/it on input line 69.
LaTeX Font Info:    ... okay on input line 69.
LaTeX Font Info:    Checking defaults for OMS/cmsy/m/n on input line 69.
LaTeX Font Info:    ... okay on input line 69.
LaTeX Font Info:    Checking defaults for OT1/cmr/m/n on input line 69.
LaTeX Font Info:    ... okay on input line 69.
LaTeX Font Info:    Checking defaults for T1/cmr/m/n on input line 69.
LaTeX Font Info:    ... okay on input line 69.
LaTeX Font Info:    Checking defaults for TS1/cmr/m/n on input line 69.
LaTeX Font Info:    ... okay on input line 69.
LaTeX Font Info:    Checking defaults for OMX/cmex/m/n on input line 69.
LaTeX Font Info:    ... okay on input line 69.
LaTeX Font Info:    Checking defaults for U/cmr/m/n on input line 69.
LaTeX Font Info:    ... okay on input line 69.
LaTeX Font Info:    Checking defaults for MDA/cmr/m/n on input line 69.
LaTeX Font Info:    Trying to load font information for MDA+cmr on input line 6
9.

(/opt/homebrew/Cellar/texlive/20230313_2/share/texmf-dist/tex/latex/mathdesign/
mdacmr.fd
File: mdacmr.fd 
)
LaTeX Font Info:    ... okay on input line 69.
LaTeX Font Info:    Checking defaults for MDB/cmr/m/n on input line 69.
LaTeX Font Info:    Trying to load font information for MDB+cmr on input line 6
9.

(/opt/homebrew/Cellar/texlive/20230313_2/share/texmf-dist/tex/latex/mathdesign/
mdbcmr.fd
File: mdbcmr.fd 
)
LaTeX Font Info:    ... okay on input line 69.
LaTeX Font Info:    Checking defaults for PD1/pdf/m/n on input line 69.
LaTeX Font Info:    ... okay on input line 69.
LaTeX Font Info:    Checking defaults for PU/pdf/m/n on input line 69.
LaTeX Font Info:    ... okay on input line 69.

(/opt/homebrew/Cellar/texlive/20230313_2/share/texmf-dist/tex/context/base/mkii
/supp-pdf.mkii
[Loading MPS to PDF converter (version 2006.09.02).]
\scratchcounter=\count318
\scratchdimen=\dimen259
\scratchbox=\box69
\nofMPsegments=\count319
\nofMParguments=\count320
\everyMPshowfont=\toks36
\MPscratchCnt=\count321
\MPscratchDim=\dimen260
\MPnumerator=\count322
\makeMPintoPDFobject=\count323
\everyMPtoPDFconversion=\toks37
)
(/opt/homebrew/Cellar/texlive/20230313_2/share/texmf-dist/tex/latex/epstopdf-pk
g/epstopdf-base.sty
Package: epstopdf-base 2020-01-24 v2.11 Base part for package epstopdf
Package epstopdf-base Info: Redefining graphics rule for `.eps' on input line 4
85.

(/opt/homebrew/Cellar/texlive/20230313_2/share/texmf-dist/tex/latex/latexconfig
/epstopdf-sys.cfg
File: epstopdf-sys.cfg 2010/07/13 v1.3 Configuration of (r)epstopdf for TeX Liv
e
))
Package caption Info: Begin \AtBeginDocument code.
Package caption Info: float package is loaded.
Package caption Info: hyperref package is loaded.
Package caption Info: listings package is loaded.
Package caption Info: longtable package is loaded.

(/opt/homebrew/Cellar/texlive/20230313_2/share/texmf-dist/tex/latex/caption/ltc
aption.sty
Package: ltcaption 2021/01/08 v1.4c longtable captions (AR)
)
Package caption Info: End \AtBeginDocument code.
*geometry* driver: auto-detecting
*geometry* detected driver: pdftex
*geometry* verbose mode - [ preamble ] result:
* driver: pdftex
* paper: a4paper
* layout: <same size as paper>
* layoutoffset:(h,v)=(0.0pt,0.0pt)
* modes: 
* h-part:(L,W,R)=(51.21504pt, 495.07779pt, 51.21504pt)
* v-part:(T,H,B)=(62.59596pt, 719.85492pt, 62.59596pt)
* \paperwidth=597.50787pt
* \paperheight=845.04684pt
* \textwidth=495.07779pt
* \textheight=719.85492pt
* \oddsidemargin=-21.05495pt
* \evensidemargin=-21.05495pt
* \topmargin=-46.67403pt
* \headheight=16.5pt
* \headsep=25.0pt
* \topskip=10.0pt
* \footskip=30.0pt
* \marginparwidth=4.0pt
* \marginparsep=10.0pt
* \columnsep=18.06749pt
* \skip\footins=9.0pt plus 4.0pt minus 2.0pt
* \hoffset=0.0pt
* \voffset=0.0pt
* \mag=1000
* \@twocolumntrue
* \@twosidefalse
* \@mparswitchfalse
* \@reversemarginfalse
* (1in=72.27pt=25.4mm, 1cm=28.453pt)

Package hyperref Info: Link coloring OFF on input line 69.
(./diff-to-last-version.out) (./diff-to-last-version.out)
\@outlinefile=\write3
\openout3 = `diff-to-last-version.out'.

\c@lstlisting=\count324
LaTeX Font Info:    Font shape `OT1/phv/b/n' will be
(Font)              scaled to size 17.65991pt on input line 92.
LaTeX Font Info:    Font shape `OT1/phv/b/n' will be
(Font)              scaled to size 7.94696pt on input line 92.
LaTeX Font Info:    Font shape `OT1/phv/b/n' will be
(Font)              scaled to size 14.12793pt on input line 92.
LaTeX Font Info:    Calculating math sizes for size <16> on input line 92.
LaTeX Font Info:    Trying to load font information for OT1+mdbch on input line
 92.

(/opt/homebrew/Cellar/texlive/20230313_2/share/texmf-dist/tex/latex/mathdesign/
mdbch/ot1mdbch.fd
File: ot1mdbch.fd 2013/08/29 Fontinst v1.933 font definitions for OT1/mdbch.
)
LaTeX Font Info:    Font shape `OT1/mdbch/m/n' will be
(Font)              scaled to size 15.3601pt on input line 92.
LaTeX Font Info:    Font shape `OT1/mdbch/m/n' will be
(Font)              scaled to size 10.75201pt on input line 92.
LaTeX Font Info:    Font shape `OT1/mdbch/m/n' will be
(Font)              scaled to size 7.68005pt on input line 92.
LaTeX Font Info:    Trying to load font information for OML+mdbch on input line
 92.

(/opt/homebrew/Cellar/texlive/20230313_2/share/texmf-dist/tex/latex/mathdesign/
mdbch/omlmdbch.fd
File: omlmdbch.fd 2013/08/29 Fontinst v1.933 font definitions for OML/mdbch.
)
LaTeX Font Info:    Font shape `OML/mdbch/m/it' will be
(Font)              scaled to size 15.3601pt on input line 92.
LaTeX Font Info:    Font shape `OML/mdbch/m/it' will be
(Font)              scaled to size 10.75201pt on input line 92.
LaTeX Font Info:    Font shape `OML/mdbch/m/it' will be
(Font)              scaled to size 7.68005pt on input line 92.
LaTeX Font Info:    Trying to load font information for OMS+mdbch on input line
 92.

(/opt/homebrew/Cellar/texlive/20230313_2/share/texmf-dist/tex/latex/mathdesign/
mdbch/omsmdbch.fd
File: omsmdbch.fd 2013/08/29 Fontinst v1.933 font definitions for OMS/mdbch.
)
LaTeX Font Info:    Font shape `OMS/mdbch/m/n' will be
(Font)              scaled to size 15.3601pt on input line 92.
LaTeX Font Info:    Font shape `OMS/mdbch/m/n' will be
(Font)              scaled to size 10.75201pt on input line 92.
LaTeX Font Info:    Font shape `OMS/mdbch/m/n' will be
(Font)              scaled to size 7.68005pt on input line 92.
LaTeX Font Info:    Trying to load font information for OMX+mdbch on input line
 92.

(/opt/homebrew/Cellar/texlive/20230313_2/share/texmf-dist/tex/latex/mathdesign/
mdbch/omxmdbch.fd
File: omxmdbch.fd 2013/08/29 Fontinst v1.933 font definitions for OMX/mdbch.
)
LaTeX Font Info:    Font shape `OMX/mdbch/m/n' will be
(Font)              scaled to size 15.3601pt on input line 92.
LaTeX Font Info:    Font shape `OMX/mdbch/m/n' will be
(Font)              scaled to size 10.75201pt on input line 92.
LaTeX Font Info:    Font shape `OMX/mdbch/m/n' will be
(Font)              scaled to size 7.68005pt on input line 92.
LaTeX Font Info:    Font shape `OML/mdbch/m/n' will be
(Font)              scaled to size 15.3601pt on input line 92.
LaTeX Font Info:    Font shape `OML/mdbch/m/n' will be
(Font)              scaled to size 10.75201pt on input line 92.
LaTeX Font Info:    Font shape `OML/mdbch/m/n' will be
(Font)              scaled to size 7.68005pt on input line 92.
LaTeX Font Info:    Trying to load font information for MDA+mdbch on input line
 92.

(/opt/homebrew/Cellar/texlive/20230313_2/share/texmf-dist/tex/latex/mathdesign/
mdbch/mdamdbch.fd
File: mdamdbch.fd 2013/08/29 Fontinst v1.933 font definitions for MDA/mdbch.
)
LaTeX Font Info:    Font shape `MDA/mdbch/m/n' will be
(Font)              scaled to size 15.3601pt on input line 92.
LaTeX Font Info:    Font shape `MDA/mdbch/m/n' will be
(Font)              scaled to size 10.75201pt on input line 92.
LaTeX Font Info:    Font shape `MDA/mdbch/m/n' will be
(Font)              scaled to size 7.68005pt on input line 92.
LaTeX Font Info:    Trying to load font information for MDB+mdbch on input line
 92.

(/opt/homebrew/Cellar/texlive/20230313_2/share/texmf-dist/tex/latex/mathdesign/
mdbch/mdbmdbch.fd
File: mdbmdbch.fd 2013/08/29 Fontinst v1.933 font definitions for MDB/mdbch.
)
LaTeX Font Info:    Font shape `MDB/mdbch/m/n' will be
(Font)              scaled to size 15.3601pt on input line 92.
LaTeX Font Info:    Font shape `MDB/mdbch/m/n' will be
(Font)              scaled to size 10.75201pt on input line 92.
LaTeX Font Info:    Font shape `MDB/mdbch/m/n' will be
(Font)              scaled to size 7.68005pt on input line 92.
LaTeX Font Info:    Font shape `OT1/phv/b/n' will be
(Font)              scaled to size 9.8895pt on input line 92.
LaTeX Font Info:    Font shape `T1/mdbch/m/n' will be
(Font)              scaled to size 10.75201pt on input line 92.
LaTeX Font Info:    Font shape `OT1/phv/b/n' will be
(Font)              scaled to size 8.82996pt on input line 92.
LaTeX Font Info:    Font shape `OT1/mdbch/m/n' will be
(Font)              scaled to size 9.60007pt on input line 92.
LaTeX Font Info:    Font shape `OT1/mdbch/m/n' will be
(Font)              scaled to size 6.72005pt on input line 92.
LaTeX Font Info:    Font shape `OT1/mdbch/m/n' will be
(Font)              scaled to size 4.80003pt on input line 92.
LaTeX Font Info:    Font shape `OML/mdbch/m/it' will be
(Font)              scaled to size 9.60007pt on input line 92.
LaTeX Font Info:    Font shape `OML/mdbch/m/it' will be
(Font)              scaled to size 6.72005pt on input line 92.
LaTeX Font Info:    Font shape `OML/mdbch/m/it' will be
(Font)              scaled to size 4.80003pt on input line 92.
LaTeX Font Info:    Font shape `OMS/mdbch/m/n' will be
(Font)              scaled to size 9.60007pt on input line 92.
LaTeX Font Info:    Font shape `OMS/mdbch/m/n' will be
(Font)              scaled to size 6.72005pt on input line 92.
LaTeX Font Info:    Font shape `OMS/mdbch/m/n' will be
(Font)              scaled to size 4.80003pt on input line 92.
LaTeX Font Info:    Font shape `OMX/mdbch/m/n' will be
(Font)              scaled to size 9.60007pt on input line 92.
LaTeX Font Info:    Font shape `OMX/mdbch/m/n' will be
(Font)              scaled to size 6.72005pt on input line 92.
LaTeX Font Info:    Font shape `OMX/mdbch/m/n' will be
(Font)              scaled to size 4.80003pt on input line 92.
LaTeX Font Info:    Font shape `OML/mdbch/m/n' will be
(Font)              scaled to size 9.60007pt on input line 92.
LaTeX Font Info:    Font shape `OML/mdbch/m/n' will be
(Font)              scaled to size 6.72005pt on input line 92.
LaTeX Font Info:    Font shape `OML/mdbch/m/n' will be
(Font)              scaled to size 4.80003pt on input line 92.
LaTeX Font Info:    Font shape `MDA/mdbch/m/n' will be
(Font)              scaled to size 9.60007pt on input line 92.
LaTeX Font Info:    Font shape `MDA/mdbch/m/n' will be
(Font)              scaled to size 6.72005pt on input line 92.
LaTeX Font Info:    Font shape `MDA/mdbch/m/n' will be
(Font)              scaled to size 4.80003pt on input line 92.
LaTeX Font Info:    Font shape `MDB/mdbch/m/n' will be
(Font)              scaled to size 9.60007pt on input line 92.
LaTeX Font Info:    Font shape `MDB/mdbch/m/n' will be
(Font)              scaled to size 6.72005pt on input line 92.
LaTeX Font Info:    Font shape `MDB/mdbch/m/n' will be
(Font)              scaled to size 4.80003pt on input line 92.
LaTeX Font Info:    Font shape `OT1/phv/b/n' will be
(Font)              scaled to size 6.18097pt on input line 92.
LaTeX Font Info:    Font shape `T1/mdbch/m/n' will be
(Font)              scaled to size 6.72005pt on input line 92.
LaTeX Font Info:    Font shape `OT1/phv/m/n' will be
(Font)              scaled to size 8.82996pt on input line 98.
LaTeX Font Info:    Font shape `T1/mdbch/b/n' will be
(Font)              scaled to size 9.60007pt on input line 101.
LaTeX Font Info:    Font shape `OT1/cmtt/m/n' will be
(Font)              scaled to size 10.72006pt on input line 107.
LaTeX Font Info:    Font shape `OT1/cmss/m/n' will be
(Font)              scaled to size 10.39001pt on input line 107.

Overfull \hbox (83.29239pt too wide) in paragraph at lines 98--120
[] $[]$ 
 []

LaTeX Font Info:    Font shape `T1/mdbch/m/n' will be
(Font)              scaled to size 13.82408pt on input line 121.
LaTeX Font Info:    Font shape `OT1/phv/b/n' will be
(Font)              scaled to size 12.71512pt on input line 121.
LaTeX Font Info:    Font shape `T1/mdbch/m/fsc' will be
(Font)              scaled to size 9.60007pt on input line 128.
<WellcomeOR_logo_black.pdf, id=4, 275.0275pt x 24.09pt>
File: WellcomeOR_logo_black.pdf Graphic file (type pdf)
<use WellcomeOR_logo_black.pdf>
Package pdftex.def Info: WellcomeOR_logo_black.pdf  used on input line 128.
(pdftex.def)             Requested size: 136.99722pt x 12.0pt.
LaTeX Font Info:    Font shape `T1/mdbch/m/n' will be
(Font)              scaled to size 7.68005pt on input line 128.
[1{/opt/homebrew/Cellar/texlive/20230313_2/share/texmf-dist/fonts/map/pdftex/up
dmap/pdftex.map}{/opt/homebrew/Cellar/texlive/20230313_2/share/texmf-dist/fonts
/enc/dvips/ly1/texnansi.enc}{/opt/homebrew/Cellar/texlive/20230313_2/share/texm
f-dist/fonts/enc/dvips/base/8r.enc}



 <./WellcomeOR_logo_black.pdf>]
Underfull \hbox (badness 1005) in paragraph at lines 139--140
\T1/mdbch/m/n/10 man judg-ment may be par-tic-u-larly use-ful to pro-vide
 []


Underfull \vbox (badness 1400) has occurred while \output is active []

LaTeX Font Info:    Font shape `T1/mdbch/m/n' will be
(Font)              scaled to size 11.52008pt on input line 152.
LaTeX Font Info:    Font shape `OT1/phv/b/n' will be
(Font)              scaled to size 10.59595pt on input line 152.
File: WellcomeOR_logo_black.pdf Graphic file (type pdf)
<use WellcomeOR_logo_black.pdf>
Package pdftex.def Info: WellcomeOR_logo_black.pdf  used on input line 156.
(pdftex.def)             Requested size: 136.99722pt x 12.0pt.
[2

]

LaTeX Warning: Reference `fig:plot-data' on page 3 undefined on input line 157.


LaTeX Font Info:    Font shape `T1/cmtt/m/n' will be
(Font)              scaled to size 10.72006pt on input line 159.

Underfull \hbox (badness 1237) in paragraph at lines 157--160
\T1/mdbch/m/n/10 Eu-ro-pean Fore-cast Hub and sourced from the Johns
 []


Underfull \hbox (badness 10000) in paragraph at lines 157--160
\T1/cmtt/m/n/10 / / github . com / covid19-[]forecast-[]hub-[]europe /
 []

LaTeX Font Info:    Font shape `T1/cmss/m/n' will be
(Font)              scaled to size 10.39001pt on input line 163.

Underfull \hbox (badness 3439) in paragraph at lines 163--164
\T1/mdbch/m/n/10 lshtm.shinyapps.io/crowd-forecast/) de-scribed in [[]].
 []

LaTeX Font Info:    Font shape `T1/mdbch/m/n' will be
(Font)              scaled to size 4.80003pt on input line 169.

LaTeX Warning: Reference `fig:screenshot-classical' on page 3 undefined on inpu
t line 170.

File: WellcomeOR_logo_black.pdf Graphic file (type pdf)
<use WellcomeOR_logo_black.pdf>
Package pdftex.def Info: WellcomeOR_logo_black.pdf  used on input line 185.
(pdftex.def)             Requested size: 136.99722pt x 12.0pt.
[3{/opt/homebrew/Cellar/texlive/20230313_2/share/texmf-dist/fonts/enc/dvips/cm-
super/cm-super-t1.enc}]

LaTeX Warning: Reference `fig:screenshot-rt' on page 4 undefined on input line 
186.


Overfull \hbox (34.36668pt too wide) detected at line 214
[][]
 []

File: WellcomeOR_logo_black.pdf Graphic file (type pdf)
<use WellcomeOR_logo_black.pdf>
Package pdftex.def Info: WellcomeOR_logo_black.pdf  used on input line 225.
(pdftex.def)             Requested size: 136.99722pt x 12.0pt.
[4]
Underfull \hbox (badness 3735) in paragraph at lines 234--235
[]\T1/mdbch/m/n/10 Forecasts were eval-u-ated us-ing the \T1/cmtt/m/n/10 scorin
gutils
 []


Underfull \hbox (badness 1102) in paragraph at lines 234--235
\T1/mdbch/m/n/10 [[]] pack-age in \T1/cmss/m/n/10 R\T1/mdbch/m/n/10 . All code 
and data used for this
 []


Underfull \hbox (badness 2334) in paragraph at lines 234--235
\T1/mdbch/m/n/10 avail-able at []$\T1/cmtt/m/n/10 https : / / github . com / ep
iforecasts /
 []

<../output/figures/overview-data.png, id=183, 505.89pt x 361.35pt>
File: ../output/figures/overview-data.png Graphic file (type png)
<use ../output/figures/overview-data.png>
Package pdftex.def Info: ../output/figures/overview-data.png  used on input lin
e 254.
(pdftex.def)             Requested size: 490.12973pt x 350.10106pt.
<../output/figures/num-forecasters.png, id=190, 505.89pt x 361.35pt>
File: ../output/figures/num-forecasters.png Graphic file (type png)
<use ../output/figures/num-forecasters.png>
Package pdftex.def Info: ../output/figures/num-forecasters.png  used on input l
ine 269.
(pdftex.def)             Requested size: 490.12973pt x 350.10106pt.
<../output/figures/performance.png, id=191, 505.89pt x 433.62pt>
File: ../output/figures/performance.png Graphic file (type png)
<use ../output/figures/performance.png>
Package pdftex.def Info: ../output/figures/performance.png  used on input line 
280.
(pdftex.def)             Requested size: 490.12973pt x 420.12128pt.
<../output/figures/scores-and-forecasts.png, id=192, 650.43pt x 650.43pt>
File: ../output/figures/scores-and-forecasts.png Graphic file (type png)
<use ../output/figures/scores-and-forecasts.png>
Package pdftex.def Info: ../output/figures/scores-and-forecasts.png  used on in
put line 287.
(pdftex.def)             Requested size: 490.12973pt x 490.14369pt.

Underfull \hbox (badness 2384) in paragraph at lines 294--296
|   []   |   []   |   []   |   []   |   []   |   []   |   []   |   []
 []


LaTeX Warning: Reference `tab:scores' on page 5 undefined on input line 298.


Underfull \hbox (badness 2884) in paragraph at lines 297--299
[]|   []   |   []   |   []   []\T1/mdbch/m/n/10 ex-hib-ited un-der-dis-per-sion

 []


LaTeX Warning: Reference `tab:scores' on page 5 undefined on input line 300.

File: WellcomeOR_logo_black.pdf Graphic file (type pdf)
<use WellcomeOR_logo_black.pdf>
Package pdftex.def Info: WellcomeOR_logo_black.pdf  used on input line 302.
(pdftex.def)             Requested size: 136.99722pt x 12.0pt.
[5]
File: WellcomeOR_logo_black.pdf Graphic file (type pdf)
<use WellcomeOR_logo_black.pdf>
Package pdftex.def Info: WellcomeOR_logo_black.pdf  used on input line 302.
(pdftex.def)             Requested size: 136.99722pt x 12.0pt.
[6 <../output/figures/overview-data.png>]
File: WellcomeOR_logo_black.pdf Graphic file (type pdf)
<use WellcomeOR_logo_black.pdf>
Package pdftex.def Info: WellcomeOR_logo_black.pdf  used on input line 302.
(pdftex.def)             Requested size: 136.99722pt x 12.0pt.
[7 <../output/figures/num-forecasters.png>]
Underfull \vbox (badness 10000) has occurred while \output is active []


LaTeX Warning: Reference `tab:scores-4' on page 8 undefined on input line 303.


Underfull \vbox (badness 5771) has occurred while \output is active []

File: WellcomeOR_logo_black.pdf Graphic file (type pdf)
<use WellcomeOR_logo_black.pdf>
Package pdftex.def Info: WellcomeOR_logo_black.pdf  used on input line 308.
(pdftex.def)             Requested size: 136.99722pt x 12.0pt.
[8 <../output/figures/performance.png>]
File: WellcomeOR_logo_black.pdf Graphic file (type pdf)
<use WellcomeOR_logo_black.pdf>
Package pdftex.def Info: WellcomeOR_logo_black.pdf  used on input line 308.
(pdftex.def)             Requested size: 136.99722pt x 12.0pt.
[9 <../output/figures/scores-and-forecasts.png>]
<../output/figures/performance-ranks.png, id=248, 505.89pt x 245.718pt>
File: ../output/figures/performance-ranks.png Graphic file (type png)
<use ../output/figures/performance-ranks.png>
Package pdftex.def Info: ../output/figures/performance-ranks.png  used on input
 line 314.
(pdftex.def)             Requested size: 490.12973pt x 238.06871pt.

Underfull \hbox (badness 3838) in paragraph at lines 321--323
|   []   |   []   |   []   |   []   |   []   |   []   |   []
 []


Underfull \hbox (badness 1365) in paragraph at lines 321--323
|   []   |   []   |   []   |   []   []\T1/mdbch/m/n/10 All fore-cast-ing ap-pro
aches
 []


LaTeX Warning: Reference `tab:scores' on page 10 undefined on input line 324.


LaTeX Warning: Reference `tab:scores' on page 10 undefined on input line 326.

LaTeX Font Info:    Font shape `OT1/mdbch/m/n' will be
(Font)              scaled to size 11.52008pt on input line 333.
LaTeX Font Info:    Font shape `OT1/mdbch/m/n' will be
(Font)              scaled to size 5.76004pt on input line 333.
LaTeX Font Info:    Font shape `OML/mdbch/m/it' will be
(Font)              scaled to size 11.52008pt on input line 333.
LaTeX Font Info:    Font shape `OML/mdbch/m/it' will be
(Font)              scaled to size 5.76004pt on input line 333.
LaTeX Font Info:    Font shape `OMS/mdbch/m/n' will be
(Font)              scaled to size 11.52008pt on input line 333.
LaTeX Font Info:    Font shape `OMS/mdbch/m/n' will be
(Font)              scaled to size 5.76004pt on input line 333.
LaTeX Font Info:    Font shape `OMX/mdbch/m/n' will be
(Font)              scaled to size 11.52008pt on input line 333.
LaTeX Font Info:    Font shape `OMX/mdbch/m/n' will be
(Font)              scaled to size 5.76004pt on input line 333.
LaTeX Font Info:    Font shape `OML/mdbch/m/n' will be
(Font)              scaled to size 11.52008pt on input line 333.
LaTeX Font Info:    Font shape `OML/mdbch/m/n' will be
(Font)              scaled to size 5.76004pt on input line 333.
LaTeX Font Info:    Font shape `MDA/mdbch/m/n' will be
(Font)              scaled to size 11.52008pt on input line 333.
LaTeX Font Info:    Font shape `MDA/mdbch/m/n' will be
(Font)              scaled to size 5.76004pt on input line 333.
LaTeX Font Info:    Font shape `MDB/mdbch/m/n' will be
(Font)              scaled to size 11.52008pt on input line 333.
LaTeX Font Info:    Font shape `MDB/mdbch/m/n' will be
(Font)              scaled to size 5.76004pt on input line 333.
<../output/figures/comparison-direct-rt-individual.png, id=256, 2107.875pt x 12
04.5pt>
File: ../output/figures/comparison-direct-rt-individual.png Graphic file (type 
png)
<use ../output/figures/comparison-direct-rt-individual.png>
Package pdftex.def Info: ../output/figures/comparison-direct-rt-individual.png 
 used on input line 337.
(pdftex.def)             Requested size: 490.12973pt x 280.06174pt.

Underfull \vbox (badness 7685) has occurred while \output is active []

File: WellcomeOR_logo_black.pdf Graphic file (type pdf)
<use WellcomeOR_logo_black.pdf>
Package pdftex.def Info: WellcomeOR_logo_black.pdf  used on input line 355.
(pdftex.def)             Requested size: 136.99722pt x 12.0pt.
[10]
File: WellcomeOR_logo_black.pdf Graphic file (type pdf)
<use WellcomeOR_logo_black.pdf>
Package pdftex.def Info: WellcomeOR_logo_black.pdf  used on input line 355.
(pdftex.def)             Requested size: 136.99722pt x 12.0pt.
[11 <../output/figures/performance-ranks.png> <../output/figures/comparison-dir
ect-rt-individual.png>]
<../output/figures/performance-expert.png, id=276, 2107.875pt x 1806.75pt>
File: ../output/figures/performance-expert.png Graphic file (type png)
<use ../output/figures/performance-expert.png>
Package pdftex.def Info: ../output/figures/performance-expert.png  used on inpu
t line 358.
(pdftex.def)             Requested size: 490.12973pt x 420.0926pt.
(./performance-table-experts.tex

LaTeX Warning: `!h' float specifier changed to `!ht'.

)
LaTeX Font Info:    Font shape `T1/mdbch/m/it' will be
(Font)              scaled to size 9.60007pt on input line 367.

Underfull \hbox (badness 1490) in paragraph at lines 385--386
|   []   |   []   |   []   |   []   |   []   |   []   |   []   |   []   |   []
 []


Underfull \hbox (badness 2818) in paragraph at lines 394--395
|   []   |   []   |   []   |   []   |   []   |   []   |   []
 []


Underfull \hbox (badness 2277) in paragraph at lines 394--395
|   []   |   []   |   []   |   []   |   []   |   []   |   []
 []


Underfull \hbox (badness 1769) in paragraph at lines 394--395
|   []   |   []   |   []   |   []   |   []   |   []   |   []
 []

File: WellcomeOR_logo_black.pdf Graphic file (type pdf)
<use WellcomeOR_logo_black.pdf>
Package pdftex.def Info: WellcomeOR_logo_black.pdf  used on input line 415.
(pdftex.def)             Requested size: 136.99722pt x 12.0pt.
[12]
File: WellcomeOR_logo_black.pdf Graphic file (type pdf)
<use WellcomeOR_logo_black.pdf>
Package pdftex.def Info: WellcomeOR_logo_black.pdf  used on input line 415.
(pdftex.def)             Requested size: 136.99722pt x 12.0pt.
[13 <../output/figures/performance-expert.png>]
Underfull \vbox (badness 10000) has occurred while \output is active []


Underfull \hbox (badness 1668) in paragraph at lines 419--420
|   []   |   []   |   []   |   []   |   []   |   []   |   []   |   []   |   []
 []


Underfull \hbox (badness 1048) in paragraph at lines 419--420
|   []   |   []   |   []   |   []   |   []   |   []   |   []   |   []
 []

File: WellcomeOR_logo_black.pdf Graphic file (type pdf)
<use WellcomeOR_logo_black.pdf>
Package pdftex.def Info: WellcomeOR_logo_black.pdf  used on input line 427.
(pdftex.def)             Requested size: 136.99722pt x 12.0pt.
[14]
Underfull \hbox (badness 1072) in paragraph at lines 439--440
|   []   |   []   |   []   |   []   |   []   |   []   |   []   |   []   |   []
 []

File: WellcomeOR_logo_black.pdf Graphic file (type pdf)
<use WellcomeOR_logo_black.pdf>
Package pdftex.def Info: WellcomeOR_logo_black.pdf  used on input line 452.
(pdftex.def)             Requested size: 136.99722pt x 12.0pt.
[15]
Underfull \hbox (badness 1509) in paragraph at lines 453--455
|   []   |   []   |   []   |   []   |   []   |   []   |   []
 []


Underfull \hbox (badness 1072) in paragraph at lines 464--471
\T1/mdbch/m/n/10 prepa-ra-tion of the manuscript, as well as its re-view
 []


Underfull \hbox (badness 1769) in paragraph at lines 476--477
\T1/mdbch/m/n/10 1044). EvL ac-knowl-edges fund-ing by the Na-tional
 []


Underfull \hbox (badness 1917) in paragraph at lines 476--477
\T1/mdbch/m/n/10 In-sti-tute for Health Re-search (NIHR) Health Pro-tec-
 []


Underfull \hbox (badness 1028) in paragraph at lines 476--477
\T1/mdbch/m/n/10 tion Re-search Unit (HPRU) in Mod-elling and Health
 []


Underfull \hbox (badness 2846) in paragraph at lines 476--477
\T1/mdbch/m/n/10 ro-pean Union's Hori-zon 2020 re-search and in-no-va-
 []


Underfull \hbox (badness 10000) in paragraph at lines 487--492
\T1/cmtt/m/n/10 uk-[]crowd-[]forecasting-[]challenge$[] []|   []
 []


Underfull \hbox (badness 10000) in paragraph at lines 487--492
[][]$\T1/cmtt/m/n/10 https : / / doi . org / 10 . 5281 / zenodo . 7897257$[][]|
   []
 []


Underfull \hbox (badness 4634) in paragraph at lines 487--492
|   []   |   []   |   []   |   []   |   []   |   []   |   []   |   []
 []

File: WellcomeOR_logo_black.pdf Graphic file (type pdf)
<use WellcomeOR_logo_black.pdf>
Package pdftex.def Info: WellcomeOR_logo_black.pdf  used on input line 492.
(pdftex.def)             Requested size: 136.99722pt x 12.0pt.
[16]
File: WellcomeOR_logo_black.pdf Graphic file (type pdf)
<use WellcomeOR_logo_black.pdf>
Package pdftex.def Info: WellcomeOR_logo_black.pdf  used on input line 494.
(pdftex.def)             Requested size: 136.99722pt x 12.0pt.
[17

]
LaTeX Font Info:    Font shape `T1/mdbch/m/n' will be
(Font)              scaled to size 8.64006pt on input line 495.
(./diff-to-last-version.bbl
LaTeX Font Info:    Font shape `T1/mdbch/m/it' will be
(Font)              scaled to size 8.64006pt on input line 91.
LaTeX Font Info:    Font shape `OT1/mdbch/m/n' will be
(Font)              scaled to size 8.64006pt on input line 92.
LaTeX Font Info:    Font shape `OML/mdbch/m/it' will be
(Font)              scaled to size 8.64006pt on input line 92.
LaTeX Font Info:    Font shape `OMS/mdbch/m/n' will be
(Font)              scaled to size 8.64006pt on input line 92.
LaTeX Font Info:    Font shape `OMX/mdbch/m/n' will be
(Font)              scaled to size 8.64006pt on input line 92.
LaTeX Font Info:    Font shape `OML/mdbch/m/n' will be
(Font)              scaled to size 8.64006pt on input line 92.
LaTeX Font Info:    Font shape `MDA/mdbch/m/n' will be
(Font)              scaled to size 8.64006pt on input line 92.
LaTeX Font Info:    Font shape `MDB/mdbch/m/n' will be
(Font)              scaled to size 8.64006pt on input line 92.

Underfull \hbox (badness 1237) in paragraph at lines 36--93
\T1/mdbch/m/n/9 Shah, Ar-i-ane Stark, Yi-jin Wang, Nutcha Wat-tana-chit,
 []


Underfull \hbox (badness 1348) in paragraph at lines 36--93
\T1/mdbch/m/n/9 i-akides, He-len Leis, John Mil-liken, Michael Moloney,
 []

File: WellcomeOR_logo_black.pdf Graphic file (type pdf)
<use WellcomeOR_logo_black.pdf>
Package pdftex.def Info: WellcomeOR_logo_black.pdf  used on input line 180.
(pdftex.def)             Requested size: 136.99722pt x 12.0pt.
[18

]
Underfull \hbox (badness 1147) in paragraph at lines 203--214
\T1/mdbch/m/n/9 gen, J. L. Ket-terer, A. Ull-rich, S. Ab-bott, M. V. Bar-
 []


Underfull \hbox (badness 1292) in paragraph at lines 203--214
\T1/mdbch/m/n/9 S. Funk, K. Gogolewski, Q. Gu, S. Hey-der, T. Hotz,
 []


Underfull \hbox (badness 2828) in paragraph at lines 256--283
\T1/mdbch/m/n/9 zlo, J. Fuhrmann, B. Lange, I. Ro-diah, P. Bac-cam,
 []


Underfull \hbox (badness 1448) in paragraph at lines 256--283
\T1/mdbch/m/n/9 denghi, N. Parolini, G. Ziarelli, W. Bock, S. Hey-der,
 []


Underfull \hbox (badness 3492) in paragraph at lines 256--283
\T1/mdbch/m/n/9 Manso, A. Adiga, B. Hurt, B. Lewis, M. Marathe,
 []

LaTeX Font Info:    Font shape `T1/cmtt/m/n' will be
(Font)              scaled to size 9.64806pt on input line 297.

Underfull \hbox (badness 4120) in paragraph at lines 315--321
\T1/mdbch/m/n/9 Cameron Ap-pel, Char-lie Gi-at-tino, Joe Hasell, Bob-
 []


Underfull \hbox (badness 1975) in paragraph at lines 315--321
\T1/mdbch/m/n/9 bie Mac-don-ald, Sa-loni Dat-tani, Di-ana Bel-tekian, Es-
 []


Underfull \hbox (badness 5022) in paragraph at lines 315--321
\T1/mdbch/m/n/9 te-ban Ortiz-Ospina, and Max Roser.  Coro-n-avirus
 []


Underfull \hbox (badness 4595) in paragraph at lines 315--321
\T1/mdbch/m/n/9 pan-demic (covid-19).  \T1/mdbch/m/it/9 Our World in Data\T1/md
bch/m/n/9 , 2020.
 []


Underfull \hbox (badness 1824) in paragraph at lines 324--329
\T1/mdbch/m/it/9 EpiNow2: Es-ti-mate Real-Time Case Counts and Time-
 []


Underfull \hbox (badness 2027) in paragraph at lines 340--346
\T1/mdbch/m/n/9 Kucharski, and Se-bas-tian Funk.  Es-ti-mat-ing the in-
 []


Underfull \hbox (badness 7099) in paragraph at lines 351--361
[]\T1/mdbch/m/n/9 Sam Ab-bott, Joel Hellewell, Robin N. Thomp-son,
 []


Underfull \hbox (badness 1648) in paragraph at lines 351--361
\T1/mdbch/m/n/9 Katharine Sher-ratt, Hamish P. Gibbs, Nikos I. Bosse,
 []

File: WellcomeOR_logo_black.pdf Graphic file (type pdf)
<use WellcomeOR_logo_black.pdf>
Package pdftex.def Info: WellcomeOR_logo_black.pdf  used on input line 372.
(pdftex.def)             Requested size: 136.99722pt x 12.0pt.
[19]
Underfull \hbox (badness 1210) in paragraph at lines 388--394
\T1/mdbch/m/n/9 Nicholas G. Re-ich.  Eval-u-at-ing epi-demic fore-casts in
 []


Underfull \hbox (badness 1102) in paragraph at lines 397--403
[]\T1/mdbch/m/n/9 Tilmann Gneit-ing, Fadoua Bal-ab-daoui, and Adrian E.
 []


Underfull \hbox (badness 1931) in paragraph at lines 406--412
[]\T1/mdbch/m/n/9 Nikos I. Bosse, Sam Ab-bott, Anne Cori, Ed-win van
 []


Underfull \hbox (badness 1199) in paragraph at lines 506--642
\T1/mdbch/m/n/9 Tanya Gol-ubchik, David Bon-sall, Mo-hammed Hassan-
 []


Underfull \hbox (badness 1087) in paragraph at lines 506--642
\T1/mdbch/m/n/9 El-dirdiri, Anita Kenyon, Thomas Davis, Oliver Py-bus,
 []


Underfull \hbox (badness 1983) in paragraph at lines 506--642
\T1/mdbch/m/n/9 nah Lowe, Luke Bed-ford, Jonathan Moore, Su-sanne
 []


Underfull \hbox (badness 1215) in paragraph at lines 506--642
\T1/mdbch/m/n/9 Volz, Aileen Rowan, Gra-ham Tay-lor, Kather-ine Smol-
 []


Underfull \hbox (badness 1515) in paragraph at lines 506--642
\T1/mdbch/m/n/9 Machin, Shaz-aad Ah-mad, Ryan George, Fenella Hal-
 []


Underfull \hbox (badness 1509) in paragraph at lines 506--642
\T1/mdbch/m/n/9 worth, Chris Jack-son, Emma Thom-son, James Shep-
 []


Underfull \hbox (badness 1189) in paragraph at lines 506--642
\T1/mdbch/m/n/9 jiv Shah, Natasha Je-su-da-son, Lily Tong, Al-ice Broos,
 []


Underfull \hbox (badness 1454) in paragraph at lines 506--642
\T1/mdbch/m/n/9 Ledesma, Kather-ine Twohig, Matthew Holden, Sharif
 []


Underfull \hbox (badness 1648) in paragraph at lines 506--642
\T1/mdbch/m/n/9 Mor-gan, Matthew Bull, Michelle Cronin, Nicole Pac-
 []


Underfull \hbox (badness 2142) in paragraph at lines 506--642
\T1/mdbch/m/n/9 Siona Sil-veira, Emanuela Pelosi, Eleri Wilson-Davies,
 []


Underfull \hbox (badness 1221) in paragraph at lines 506--642
\T1/mdbch/m/n/9 Young, Leanne Ker-mack, Ravi Gupta, Cather-ine Lud-
 []


Underfull \hbox (badness 1325) in paragraph at lines 506--642
\T1/mdbch/m/n/9 fan Rooke, Ver-ity Hill, Kath-leen Williamson, Thomas
 []


Underfull \hbox (badness 1264) in paragraph at lines 506--642
\T1/mdbch/m/n/9 Stan-ton, Stephen Michell, Claire Be-w-shea, Ben Tem-
 []


Underfull \hbox (badness 1062) in paragraph at lines 506--642
\T1/mdbch/m/n/9 dia Wierzbicki, Hermione Web-ster, Thushan de Silva,
 []


Underfull \hbox (badness 1237) in paragraph at lines 506--642
\T1/mdbch/m/n/9 Tucker, Re-becca Brown, Matthew Wyles, Max White-
 []


Underfull \hbox (badness 1648) in paragraph at lines 506--642
\T1/mdbch/m/n/9 Alam, Paul Brown, Di-nesh Ag-gar-wal, Al-berto Cerda,
 []


Underfull \hbox (badness 1215) in paragraph at lines 506--642
\T1/mdbch/m/n/9 Chap-pell, Theocharis Tso-leridis, Jonathan Ball, David
 []


Underfull \hbox (badness 1199) in paragraph at lines 506--642
\T1/mdbch/m/n/9 Buck, John Todd, Angie Green, Amy Trebes, George
 []


Underfull \hbox (badness 1024) in paragraph at lines 506--642
\T1/mdbch/m/n/9 Kay, Jon-Paul Keat-ley, Do-minic Kwiatkowski, Cordelia
 []


Underfull \hbox (badness 1043) in paragraph at lines 506--642
\T1/mdbch/m/n/9 Tonkin-Hill, Danni Wel-don, Di-ana Ra-jan, Iraad Bron-
 []


Underfull \vbox (badness 10000) has occurred while \output is active []

File: WellcomeOR_logo_black.pdf Graphic file (type pdf)
<use WellcomeOR_logo_black.pdf>
Package pdftex.def Info: WellcomeOR_logo_black.pdf  used on input line 642.
(pdftex.def)             Requested size: 136.99722pt x 12.0pt.
[20]
Underfull \vbox (badness 10000) has occurred while \output is active []

)
Overfull \hbox (34.36668pt too wide) detected at line 540
[][]
 []

File: WellcomeOR_logo_black.pdf Graphic file (type pdf)
<use WellcomeOR_logo_black.pdf>
Package pdftex.def Info: WellcomeOR_logo_black.pdf  used on input line 552.
(pdftex.def)             Requested size: 136.99722pt x 12.0pt.
[21]
Underfull \hbox (badness 1694) in paragraph at lines 568--574
|   []   |   []   |   []   |   []   |   []   |   []   |   []   |   []
 []


Underfull \hbox (badness 10000) in paragraph at lines 680--686
[]|   []   |   []   |   []   |   []   |   []   |   []
 []

File: WellcomeOR_logo_black.pdf Graphic file (type pdf)
<use WellcomeOR_logo_black.pdf>
Package pdftex.def Info: WellcomeOR_logo_black.pdf  used on input line 736.
(pdftex.def)             Requested size: 136.99722pt x 12.0pt.
[22

] 
enddocument/afterlastpage: lastpage setting LastPage.
(./diff-to-last-version.aux)

LaTeX Warning: There were undefined references.

Package rerunfilecheck Info: File `diff-to-last-version.out' has not changed.
(rerunfilecheck)             Checksum: D41D8CD98F00B204E9800998ECF8427E;0.
 ) 
Here is how much of TeX's memory you used:
 17686 strings out of 476025
 290884 string characters out of 5779036
 1951388 words of memory out of 5000000
 37723 multiletter control sequences out of 15000+600000
 590132 words of font info for 160 fonts, out of 8000000 for 9000
 1141 hyphenation exceptions out of 8191
 84i,16n,131p,5579b,680s stack positions out of 10000i,1000n,20000p,200000b,200000s
</opt/homebrew/Cellar/texlive/20230313_2/share/texmf-dist/fonts/type1/bitstre
a/charter/bchb8a.pfb></opt/homebrew/Cellar/texlive/20230313_2/share/texmf-dist/
fonts/type1/bitstrea/charter/bchr8a.pfb></opt/homebrew/Cellar/texlive/20230313_
2/share/texmf-dist/fonts/type1/bitstrea/charter/bchri8a.pfb></opt/homebrew/Cell
ar/texlive/20230313_2/share/texmf-dist/fonts/type1/public/amsfonts/cm/cmss10.pf
b></opt/homebrew/Cellar/texlive/20230313_2/share/texmf-dist/fonts/type1/public/
amsfonts/cm/cmtt10.pfb></opt/homebrew/Cellar/texlive/20230313_2/share/texmf-dis
t/fonts/type1/public/amsfonts/latxfont/lasy6.pfb></opt/homebrew/Cellar/texlive/
20230313_2/share/texmf-dist/fonts/type1/public/mathdesign/mdbch/md-chr7t.pfb></
opt/homebrew/Cellar/texlive/20230313_2/share/texmf-dist/fonts/type1/public/math
design/mdbch/md-chr7v.pfb></opt/homebrew/Cellar/texlive/20230313_2/share/texmf-
dist/fonts/type1/public/mathdesign/mdbch/md-chr7y.pfb></opt/homebrew/Cellar/tex
live/20230313_2/share/texmf-dist/fonts/type1/public/mathdesign/mdbch/md-chr8t.p
fb></opt/homebrew/Cellar/texlive/20230313_2/share/texmf-dist/fonts/type1/public
/mathdesign/mdbch/md-chri7m.pfb></opt/homebrew/Cellar/texlive/20230313_2/share/
texmf-dist/fonts/type1/public/cm-super/sfss1000.pfb></opt/homebrew/Cellar/texli
ve/20230313_2/share/texmf-dist/fonts/type1/public/cm-super/sftt0900.pfb></opt/h
omebrew/Cellar/texlive/20230313_2/share/texmf-dist/fonts/type1/public/cm-super/
sftt1000.pfb></opt/homebrew/Cellar/texlive/20230313_2/share/texmf-dist/fonts/ty
pe1/urw/helvetic/uhvb8a.pfb></opt/homebrew/Cellar/texlive/20230313_2/share/texm
f-dist/fonts/type1/urw/helvetic/uhvr8a.pfb>
Output written on diff-to-last-version.pdf (22 pages, 1985424 bytes).
PDF statistics:
 465 PDF objects out of 1000 (max. 8388607)
 366 compressed objects within 4 object streams
 65 named destinations out of 1000 (max. 500000)
 41 words of extra memory for PDF output out of 10000 (max. 10000000)

